[debug] [2022-05-08T23:08:39.110Z] ----------------------------------------------------------------------
[debug] [2022-05-08T23:08:39.112Z] Command:       /usr/local/bin/node /usr/local/bin/firebase init hosting
[debug] [2022-05-08T23:08:39.112Z] CLI Version:   10.8.0
[debug] [2022-05-08T23:08:39.112Z] Platform:      darwin
[debug] [2022-05-08T23:08:39.112Z] Node Version:  v14.17.0
[debug] [2022-05-08T23:08:39.113Z] Time:          Sun May 08 2022 16:08:39 GMT-0700 (Pacific Daylight Time)
[debug] [2022-05-08T23:08:39.113Z] ----------------------------------------------------------------------
[debug] 
[debug] [2022-05-08T23:08:39.179Z] > command requires scopes: ["email","openid","https://www.googleapis.com/auth/cloudplatformprojects.readonly","https://www.googleapis.com/auth/firebase","https://www.googleapis.com/auth/cloud-platform"]
[debug] [2022-05-08T23:08:39.179Z] > authorizing via signed-in user (chuckrak1@gmail.com)
[info] 
     ######## #### ########  ######## ########     ###     ######  ########
     ##        ##  ##     ## ##       ##     ##  ##   ##  ##       ##
     ######    ##  ########  ######   ########  #########  ######  ######
     ##        ##  ##    ##  ##       ##     ## ##     ##       ## ##
     ##       #### ##     ## ######## ########  ##     ##  ######  ########

You're about to initialize a Firebase project in this directory:

  /Users/chuckrak/cs124/cs124-lab2

Before we get started, keep in mind:

  * You are initializing within an existing Firebase project directory

[info] 
=== Project Setup
[info] 
[info] First, let's associate this project directory with a Firebase project.
[info] You can create multiple project aliases by running firebase use --add, 
[info] but for now we'll just set up a default project.
[info] 
[debug] [2022-05-08T23:08:39.183Z] Using project from CLI flag: cs124-lab3-4dca6
[debug] [2022-05-08T23:08:39.185Z] >>> [apiv2][query] GET https://firebase.googleapis.com/v1beta1/projects/cs124-lab3-4dca6 [none]
[debug] [2022-05-08T23:08:39.637Z] <<< [apiv2][status] GET https://firebase.googleapis.com/v1beta1/projects/cs124-lab3-4dca6 200
[debug] [2022-05-08T23:08:39.637Z] <<< [apiv2][body] GET https://firebase.googleapis.com/v1beta1/projects/cs124-lab3-4dca6 {"projectId":"cs124-lab3-4dca6","projectNumber":"677141143922","displayName":"cs124-lab3","name":"projects/cs124-lab3-4dca6","resources":{"hostingSite":"cs124-lab3-4dca6","storageBucket":"cs124-lab3-4dca6.appspot.com","locationId":"us-central"},"state":"ACTIVE"}
[info] i  Using project cs124-lab3-4dca6 (cs124-lab3) 
[info] 
=== Hosting Setup
[info] 
[info] Your public directory is the folder (relative to your project directory) that
[info] will contain Hosting assets to be uploaded with firebase deploy. If you
[info] have a build process for your assets, use your build's output directory.
[info] 
